#
# There is insufficient memory for the Java Runtime Environment to continue.
# Native memory allocation (malloc) failed to allocate 902816 bytes for Chunk::new
# Possible reasons:
#   The system is out of physical RAM or swap space
#   The process is running with CompressedOops enabled, and the Java Heap may be blocking the growth of the native heap
# Possible solutions:
#   Reduce memory load on the system
#   Increase physical memory or swap space
#   Check if swap backing store is full
#   Decrease Java heap size (-Xmx/-Xms)
#   Decrease number of Java threads
#   Decrease Java thread stack sizes (-Xss)
#   Set larger code cache with -XX:ReservedCodeCacheSize=
#   JVM is running with Unscaled Compressed Oops mode in which the Java heap is
#     placed in the first 4GB address space. The Java Heap base address is the
#     maximum limit for the native heap growth. Please use -XX:HeapBaseMinAddress
#     to set the Java Heap base and to place the Java Heap above 4GB virtual address.
# This output file may be truncated or incomplete.
#
#  Out of Memory Error (allocation.cpp:389), pid=22296, tid=0x0000000000004c94
#
# JRE version: OpenJDK Runtime Environment (8.0_242-b01) (build 1.8.0_242-release-1644-b01)
# Java VM: OpenJDK 64-Bit Server VM (25.242-b01 mixed mode windows-amd64 compressed oops)
# Failed to write core dump. Minidumps are not enabled by default on client versions of Windows
#

---------------  T H R E A D  ---------------

Current thread (0x0000000018538000):  JavaThread "C2 CompilerThread1" daemon [_thread_in_native, id=19604, stack(0x0000000018f00000,0x0000000019000000)]

Stack: [0x0000000018f00000,0x0000000019000000]
[error occurred during error reporting (printing stack bounds), id 0xc0000005]

Native frames: (J=compiled Java code, j=interpreted, Vv=VM code, C=native code)


Current CompileTask:
C2:   9912 1450   !   4       java.net.URLClassLoader$1::run (63 bytes)


---------------  P R O C E S S  ---------------

Java Threads: ( => current thread )
  0x000000001a445000 JavaThread "Cache worker for journal cache (C:\Users\nellyzulkiflee\.gradle\caches\journal-1)" [_thread_blocked, id=25440, stack(0x000000001d120000,0x000000001d220000)]
  0x0000000018747000 JavaThread "File lock request listener" [_thread_in_native, id=9760, stack(0x000000001d020000,0x000000001d120000)]
  0x0000000019a24000 JavaThread "Cache worker for file hash cache (C:\Users\nellyzulkiflee\.gradle\caches\5.6.2\fileHashes)" [_thread_blocked, id=27116, stack(0x000000001cf20000,0x000000001d020000)]
  0x0000000019d68800 JavaThread "Thread-9" [_thread_blocked, id=24404, stack(0x000000001be50000,0x000000001bf50000)]
  0x0000000019813800 JavaThread "Stdin handler" [_thread_blocked, id=23448, stack(0x000000001bd50000,0x000000001be50000)]
  0x0000000019811000 JavaThread "Asynchronous log dispatcher for DefaultDaemonConnection: socket connection from /127.0.0.1:60844 to /127.0.0.1:60845" [_thread_blocked, id=1688, stack(0x000000001bb50000,0x000000001bc50000)]
  0x0000000018717000 JavaThread "Daemon worker" [_thread_in_native, id=15212, stack(0x000000001ba50000,0x000000001bb50000)]
  0x000000001980d000 JavaThread "Cancel handler" [_thread_blocked, id=11280, stack(0x000000001b950000,0x000000001ba50000)]
  0x00000000198c3800 JavaThread "Handler for socket connection from /127.0.0.1:60844 to /127.0.0.1:60845" [_thread_in_native, id=9392, stack(0x000000001b650000,0x000000001b750000)]
  0x0000000019df0800 JavaThread "Daemon" [_thread_blocked, id=5912, stack(0x000000001b550000,0x000000001b650000)]
  0x000000001a25e800 JavaThread "Daemon periodic checks" [_thread_blocked, id=14688, stack(0x000000001b450000,0x000000001b550000)]
  0x0000000018806000 JavaThread "Incoming local TCP Connector on port 60844" [_thread_in_native, id=10080, stack(0x000000001b210000,0x000000001b310000)]
  0x0000000018890800 JavaThread "Daemon health stats" [_thread_blocked, id=22560, stack(0x000000001abd0000,0x000000001acd0000)]
  0x0000000018545000 JavaThread "Service Thread" daemon [_thread_blocked, id=18368, stack(0x0000000019200000,0x0000000019300000)]
  0x0000000018541000 JavaThread "C1 CompilerThread3" daemon [_thread_blocked, id=27628, stack(0x0000000019100000,0x0000000019200000)]
  0x000000001853a000 JavaThread "C2 CompilerThread2" daemon [_thread_in_native, id=6152, stack(0x0000000019000000,0x0000000019100000)]
=>0x0000000018538000 JavaThread "C2 CompilerThread1" daemon [_thread_in_native, id=19604, stack(0x0000000018f00000,0x0000000019000000)]
  0x0000000018534000 JavaThread "C2 CompilerThread0" daemon [_thread_in_native, id=22576, stack(0x0000000018e00000,0x0000000018f00000)]
  0x0000000018532000 JavaThread "Attach Listener" daemon [_thread_blocked, id=23704, stack(0x0000000018d00000,0x0000000018e00000)]
  0x0000000018531000 JavaThread "Signal Dispatcher" daemon [_thread_blocked, id=20104, stack(0x0000000018c00000,0x0000000018d00000)]
  0x0000000018521000 JavaThread "Finalizer" daemon [_thread_blocked, id=6636, stack(0x0000000018a00000,0x0000000018b00000)]
  0x0000000002938000 JavaThread "Reference Handler" daemon [_thread_blocked, id=27384, stack(0x0000000018900000,0x0000000018a00000)]
  0x0000000002842800 JavaThread "main" [_thread_blocked, id=20160, stack(0x0000000002690000,0x0000000002790000)]

Other Threads:
  0x00000000166f7000 VMThread [stack: 0x0000000018400000,0x0000000018500000] [id=26220]
  0x0000000018547000 WatcherThread [stack: 0x0000000019300000,0x0000000019400000] [id=17896]

VM state:not at safepoint (normal execution)

VM Mutex/Monitor currently owned by a thread: None

heap address: 0x00000000a0000000, size: 1536 MB, Compressed Oops mode: 32-bit
Narrow klass base: 0x0000000000000000, Narrow klass shift: 3
Compressed class space size: 1073741824 Address: 0x0000000100000000

Heap:
 PSYoungGen      total 38400K, used 23975K [0x00000000e0000000, 0x00000000e2a80000, 0x0000000100000000)
  eden space 33280K, 56% used [0x00000000e0000000,0x00000000e126c8e8,0x00000000e2080000)
  from space 5120K, 99% used [0x00000000e2580000,0x00000000e2a7d398,0x00000000e2a80000)
  to   space 5120K, 0% used [0x00000000e2080000,0x00000000e2080000,0x00000000e2580000)
 ParOldGen       total 87552K, used 3557K [0x00000000a0000000, 0x00000000a5580000, 0x00000000e0000000)
  object space 87552K, 4% used [0x00000000a0000000,0x00000000a0379578,0x00000000a5580000)
 Metaspace       used 16013K, capacity 16390K, committed 16768K, reserved 1062912K
  class space    used 2264K, capacity 2405K, committed 2432K, reserved 1048576K

Card table byte_map: [0x0000000011d00000,0x0000000012010000] byte_map_base: 0x0000000011800000

Marking Bits: (ParMarkBitMap*) 0x00000000641af030
 Begin Bits: [0x0000000012a10000, 0x0000000014210000)
 End Bits:   [0x0000000014210000, 0x0000000015a10000)

Polling page: 0x0000000000e00000

CodeCache: size=245760Kb used=4871Kb max_used=4871Kb free=240888Kb
 bounds [0x0000000002940000, 0x0000000002e10000, 0x0000000011940000]
 total_blobs=1784 nmethods=1393 adapters=304
 compilation: enabled

Compilation events (10 events):
Event: 9.754 Thread 0x0000000018541000 1522       3       sun.misc.ProxyGenerator::dotToSlash (9 bytes)
Event: 9.754 Thread 0x0000000018541000 nmethod 1522 0x0000000002df5fd0 code [0x0000000002df6140, 0x0000000002df6348]
Event: 9.754 Thread 0x0000000018541000 1523       3       sun.misc.ProxyGenerator$ConstantPool$IndirectEntry::write (61 bytes)
Event: 9.755 Thread 0x0000000018541000 nmethod 1523 0x0000000002df6410 code [0x0000000002df6600, 0x0000000002df7108]
Event: 9.763 Thread 0x000000001853a000 nmethod 1495% 0x0000000002dfb110 code [0x0000000002dfb3a0, 0x0000000002dfc3b0]
Event: 9.763 Thread 0x000000001853a000 1512       4       java.util.ArrayList$SubList$1::next (79 bytes)
Event: 9.765 Thread 0x000000001853a000 nmethod 1512 0x0000000002df7fd0 code [0x0000000002df8120, 0x0000000002df8258]
Event: 9.765 Thread 0x000000001853a000 1513 %     4       com.google.common.io.LineBuffer::add @ 47 (204 bytes)
Event: 9.767 Thread 0x0000000018541000 1524       3       sun.reflect.ReflectionFactory::inflationThreshold (4 bytes)
Event: 9.767 Thread 0x0000000018541000 nmethod 1524 0x0000000002df7cd0 code [0x0000000002df7e20, 0x0000000002df7f50]

GC Heap History (8 events):
Event: 4.721 GC heap before
{Heap before GC invocations=1 (full 0):
 PSYoungGen      total 38400K, used 33280K [0x00000000e0000000, 0x00000000e2a80000, 0x0000000100000000)
  eden space 33280K, 100% used [0x00000000e0000000,0x00000000e2080000,0x00000000e2080000)
  from space 5120K, 0% used [0x00000000e2580000,0x00000000e2580000,0x00000000e2a80000)
  to   space 5120K, 0% used [0x00000000e2080000,0x00000000e2080000,0x00000000e2580000)
 ParOldGen       total 87552K, used 0K [0x00000000a0000000, 0x00000000a5580000, 0x00000000e0000000)
  object space 87552K, 0% used [0x00000000a0000000,0x00000000a0000000,0x00000000a5580000)
 Metaspace       used 7139K, capacity 7344K, committed 7680K, reserved 1056768K
  class space    used 867K, capacity 940K, committed 1024K, reserved 1048576K
Event: 4.731 GC heap after
Heap after GC invocations=1 (full 0):
 PSYoungGen      total 38400K, used 4347K [0x00000000e0000000, 0x00000000e2a80000, 0x0000000100000000)
  eden space 33280K, 0% used [0x00000000e0000000,0x00000000e0000000,0x00000000e2080000)
  from space 5120K, 84% used [0x00000000e2080000,0x00000000e24bef68,0x00000000e2580000)
  to   space 5120K, 0% used [0x00000000e2580000,0x00000000e2580000,0x00000000e2a80000)
 ParOldGen       total 87552K, used 8K [0x00000000a0000000, 0x00000000a5580000, 0x00000000e0000000)
  object space 87552K, 0% used [0x00000000a0000000,0x00000000a0002000,0x00000000a5580000)
 Metaspace       used 7139K, capacity 7344K, committed 7680K, reserved 1056768K
  class space    used 867K, capacity 940K, committed 1024K, reserved 1048576K
}
Event: 5.911 GC heap before
{Heap before GC invocations=2 (full 0):
 PSYoungGen      total 38400K, used 37627K [0x00000000e0000000, 0x00000000e2a80000, 0x0000000100000000)
  eden space 33280K, 100% used [0x00000000e0000000,0x00000000e2080000,0x00000000e2080000)
  from space 5120K, 84% used [0x00000000e2080000,0x00000000e24bef68,0x00000000e2580000)
  to   space 5120K, 0% used [0x00000000e2580000,0x00000000e2580000,0x00000000e2a80000)
 ParOldGen       total 87552K, used 8K [0x00000000a0000000, 0x00000000a5580000, 0x00000000e0000000)
  object space 87552K, 0% used [0x00000000a0000000,0x00000000a0002000,0x00000000a5580000)
 Metaspace       used 7367K, capacity 7656K, committed 7936K, reserved 1056768K
  class space    used 894K, capacity 980K, committed 1024K, reserved 1048576K
Event: 5.917 GC heap after
Heap after GC invocations=2 (full 0):
 PSYoungGen      total 38400K, used 3265K [0x00000000e0000000, 0x00000000e2a80000, 0x0000000100000000)
  eden space 33280K, 0% used [0x00000000e0000000,0x00000000e0000000,0x00000000e2080000)
  from space 5120K, 63% used [0x00000000e2580000,0x00000000e28b0510,0x00000000e2a80000)
  to   space 5120K, 0% used [0x00000000e2080000,0x00000000e2080000,0x00000000e2580000)
 ParOldGen       total 87552K, used 16K [0x00000000a0000000, 0x00000000a5580000, 0x00000000e0000000)
  object space 87552K, 0% used [0x00000000a0000000,0x00000000a0004000,0x00000000a5580000)
 Metaspace       used 7367K, capacity 7656K, committed 7936K, reserved 1056768K
  class space    used 894K, capacity 980K, committed 1024K, reserved 1048576K
}
Event: 8.379 GC heap before
{Heap before GC invocations=3 (full 0):
 PSYoungGen      total 38400K, used 36545K [0x00000000e0000000, 0x00000000e2a80000, 0x0000000100000000)
  eden space 33280K, 100% used [0x00000000e0000000,0x00000000e2080000,0x00000000e2080000)
  from space 5120K, 63% used [0x00000000e2580000,0x00000000e28b0510,0x00000000e2a80000)
  to   space 5120K, 0% used [0x00000000e2080000,0x00000000e2080000,0x00000000e2580000)
 ParOldGen       total 87552K, used 16K [0x00000000a0000000, 0x00000000a5580000, 0x00000000e0000000)
  object space 87552K, 0% used [0x00000000a0000000,0x00000000a0004000,0x00000000a5580000)
 Metaspace       used 11851K, capacity 12114K, committed 12544K, reserved 1060864K
  class space    used 1580K, capacity 1677K, committed 1792K, reserved 1048576K
Event: 8.390 GC heap after
Heap after GC invocations=3 (full 0):
 PSYoungGen      total 38400K, used 5088K [0x00000000e0000000, 0x00000000e2a80000, 0x0000000100000000)
  eden space 33280K, 0% used [0x00000000e0000000,0x00000000e0000000,0x00000000e2080000)
  from space 5120K, 99% used [0x00000000e2080000,0x00000000e2578020,0x00000000e2580000)
  to   space 5120K, 0% used [0x00000000e2580000,0x00000000e2580000,0x00000000e2a80000)
 ParOldGen       total 87552K, used 1176K [0x00000000a0000000, 0x00000000a5580000, 0x00000000e0000000)
  object space 87552K, 1% used [0x00000000a0000000,0x00000000a0126040,0x00000000a5580000)
 Metaspace       used 11851K, capacity 12114K, committed 12544K, reserved 1060864K
  class space    used 1580K, capacity 1677K, committed 1792K, reserved 1048576K
}
Event: 9.329 GC heap before
{Heap before GC invocations=4 (full 0):
 PSYoungGen      total 38400K, used 38368K [0x00000000e0000000, 0x00000000e2a80000, 0x0000000100000000)
  eden space 33280K, 100% used [0x00000000e0000000,0x00000000e2080000,0x00000000e2080000)
  from space 5120K, 99% used [0x00000000e2080000,0x00000000e2578020,0x00000000e2580000)
  to   space 5120K, 0% used [0x00000000e2580000,0x00000000e2580000,0x00000000e2a80000)
 ParOldGen       total 87552K, used 1176K [0x00000000a0000000, 0x00000000a5580000, 0x00000000e0000000)
  object space 87552K, 1% used [0x00000000a0000000,0x00000000a0126040,0x00000000a5580000)
 Metaspace       used 14250K, capacity 14586K, committed 14976K, reserved 1062912K
  class space    used 1983K, capacity 2097K, committed 2176K, reserved 1048576K
Event: 9.340 GC heap after
Heap after GC invocations=4 (full 0):
 PSYoungGen      total 38400K, used 5108K [0x00000000e0000000, 0x00000000e2a80000, 0x0000000100000000)
  eden space 33280K, 0% used [0x00000000e0000000,0x00000000e0000000,0x00000000e2080000)
  from space 5120K, 99% used [0x00000000e2580000,0x00000000e2a7d398,0x00000000e2a80000)
  to   space 5120K, 0% used [0x00000000e2080000,0x00000000e2080000,0x00000000e2580000)
 ParOldGen       total 87552K, used 3557K [0x00000000a0000000, 0x00000000a5580000, 0x00000000e0000000)
  object space 87552K, 4% used [0x00000000a0000000,0x00000000a0379578,0x00000000a5580000)
 Metaspace       used 14250K, capacity 14586K, committed 14976K, reserved 1062912K
  class space    used 1983K, capacity 2097K, committed 2176K, reserved 1048576K
}

Deoptimization events (10 events):
Event: 6.556 Thread 0x0000000002842800 Uncommon trap: reason=bimorphic action=maybe_recompile pc=0x0000000002bd1214 method=java.util.HashMap.putVal(ILjava/lang/Object;Ljava/lang/Object;ZZ)Ljava/lang/Object; @ 203
Event: 7.313 Thread 0x0000000002842800 Uncommon trap: reason=unstable_if action=reinterpret pc=0x0000000002bf4cc0 method=java.io.WinNTFileSystem.normalize(Ljava/lang/String;)Ljava/lang/String; @ 128
Event: 8.291 Thread 0x0000000018717000 Uncommon trap: reason=bimorphic action=maybe_recompile pc=0x0000000002bcfebc method=java.util.HashMap.putVal(ILjava/lang/Object;Ljava/lang/Object;ZZ)Ljava/lang/Object; @ 253
Event: 8.292 Thread 0x0000000018717000 Uncommon trap: reason=bimorphic action=maybe_recompile pc=0x0000000002bcfebc method=java.util.HashMap.putVal(ILjava/lang/Object;Ljava/lang/Object;ZZ)Ljava/lang/Object; @ 253
Event: 8.292 Thread 0x0000000018717000 Uncommon trap: reason=bimorphic action=maybe_recompile pc=0x0000000002bcfebc method=java.util.HashMap.putVal(ILjava/lang/Object;Ljava/lang/Object;ZZ)Ljava/lang/Object; @ 253
Event: 8.765 Thread 0x0000000018717000 Uncommon trap: reason=class_check action=maybe_recompile pc=0x0000000002c2e258 method=java.util.regex.Matcher.match(II)Z @ 86
Event: 8.802 Thread 0x0000000018717000 Uncommon trap: reason=class_check action=maybe_recompile pc=0x0000000002c2e258 method=java.util.regex.Matcher.match(II)Z @ 86
Event: 8.804 Thread 0x0000000018717000 Uncommon trap: reason=class_check action=maybe_recompile pc=0x0000000002c2e258 method=java.util.regex.Matcher.match(II)Z @ 86
Event: 8.804 Thread 0x0000000018717000 Uncommon trap: reason=class_check action=maybe_recompile pc=0x0000000002ab358c method=java.util.regex.Matcher.match(II)Z @ 86
Event: 9.627 Thread 0x0000000018717000 Uncommon trap: reason=unstable_if action=reinterpret pc=0x0000000002a7a8b4 method=java.lang.String.lastIndexOf([CII[CIII)I @ 66

Classes redefined (0 events):
No events

Internal exceptions (10 events):
Event: 3.847 Thread 0x0000000002842800 Exception <a 'java/lang/ArrayIndexOutOfBoundsException'> (0x00000000e13bd210) thrown at [C:\src\AOSP-openjdk-git\hotspot\src\share\vm\runtime\sharedRuntime.cpp, line 605]
Event: 3.857 Thread 0x0000000002842800 Exception <a 'java/lang/ArrayIndexOutOfBoundsException'> (0x00000000e13c94b0) thrown at [C:\src\AOSP-openjdk-git\hotspot\src\share\vm\runtime\sharedRuntime.cpp, line 605]
Event: 3.858 Thread 0x0000000002842800 Exception <a 'java/lang/ArrayIndexOutOfBoundsException'> (0x00000000e13d63c0) thrown at [C:\src\AOSP-openjdk-git\hotspot\src\share\vm\runtime\sharedRuntime.cpp, line 605]
Event: 3.858 Thread 0x0000000002842800 Exception <a 'java/lang/ArrayIndexOutOfBoundsException'> (0x00000000e13d79d8) thrown at [C:\src\AOSP-openjdk-git\hotspot\src\share\vm\runtime\sharedRuntime.cpp, line 605]
Event: 6.505 Thread 0x0000000002842800 Exception <a 'java/lang/NoSuchFieldError': method resolution failed> (0x00000000e1208f28) thrown at [C:\src\AOSP-openjdk-git\hotspot\src\share\vm\prims\methodHandles.cpp, line 1167]
Event: 6.509 Thread 0x0000000002842800 Exception <a 'java/lang/NoSuchFieldError': method resolution failed> (0x00000000e1216c68) thrown at [C:\src\AOSP-openjdk-git\hotspot\src\share\vm\prims\methodHandles.cpp, line 1167]
Event: 8.113 Thread 0x0000000002842800 Exception <a 'java/io/IOException'> (0x00000000e1a87000) thrown at [C:\src\AOSP-openjdk-git\hotspot\src\share\vm\prims\jni.cpp, line 710]
Event: 9.552 Thread 0x0000000018717000 Exception <a 'java/lang/NoSuchMethodError': java.lang.Object.lambda$and$0(Ljava/util/function/Predicate;Ljava/lang/Object;)Z> (0x00000000e07c59e8) thrown at [C:\src\AOSP-openjdk-git\hotspot\src\share\vm\interpreter\linkResolver.cpp, line 620]
Event: 9.575 Thread 0x0000000018717000 Exception <a 'java/lang/IncompatibleClassChangeError': Found class java.lang.Object, but interface was expected> (0x00000000e07dbd70) thrown at [C:\src\AOSP-openjdk-git\hotspot\src\share\vm\interpreter\linkResolver.cpp, line 653]
Event: 9.583 Thread 0x0000000018717000 Exception <a 'java/lang/NoSuchMethodError': java.lang.Object.lambda$or$2(Ljava/util/function/Predicate;Ljava/lang/Object;)Z> (0x00000000e07e0cf8) thrown at [C:\src\AOSP-openjdk-git\hotspot\src\share\vm\interpreter\linkResolver.cpp, line 620]

Events (10 events):
Event: 9.772 loading class com/google/common/base/ExtraObjectsMethodsForWeb
Event: 9.772 loading class com/google/common/base/ExtraObjectsMethodsForWeb done
Event: 9.772 loading class org/gradle/api/internal/model/NamedObjectInstantiator$ClassGeneratingLoader
Event: 9.772 loading class org/gradle/api/internal/model/NamedObjectInstantiator$ClassGeneratingLoader done
Event: 9.773 loading class org/gradle/internal/state/Managed
Event: 9.773 loading class org/gradle/internal/state/Managed done
Event: 9.773 loading class org/gradle/api/internal/model/NamedObjectInstantiator$1
Event: 9.773 loading class org/gradle/api/internal/model/NamedObjectInstantiator$1 done
Event: 9.774 loading class org/gradle/api/internal/initialization/DefaultScriptHandlerFactory
Event: 9.774 loading class org/gradle/api/internal/initialization/DefaultScriptHandlerFactory done


Dynamic libraries:
0x00007ff7c8020000 - 0x00007ff7c8051000 	C:\Program Files\Android\Android Studio\jre\bin\java.exe
0x00007ffe3c010000 - 0x00007ffe3c206000 	C:\WINDOWS\SYSTEM32\ntdll.dll
0x00007ffe3bd70000 - 0x00007ffe3be2d000 	C:\WINDOWS\System32\KERNEL32.DLL
0x00007ffe39c60000 - 0x00007ffe39f29000 	C:\WINDOWS\System32\KERNELBASE.dll
0x00007ffe3b490000 - 0x00007ffe3b53c000 	C:\WINDOWS\System32\ADVAPI32.dll
0x00007ffe3be30000 - 0x00007ffe3bece000 	C:\WINDOWS\System32\msvcrt.dll
0x00007ffe3b090000 - 0x00007ffe3b12c000 	C:\WINDOWS\System32\sechost.dll
0x00007ffe3b740000 - 0x00007ffe3b86b000 	C:\WINDOWS\System32\RPCRT4.dll
0x00007ffe3b540000 - 0x00007ffe3b6e0000 	C:\WINDOWS\System32\USER32.dll
0x00007ffe3a040000 - 0x00007ffe3a062000 	C:\WINDOWS\System32\win32u.dll
0x00007ffe3ab90000 - 0x00007ffe3abba000 	C:\WINDOWS\System32\GDI32.dll
0x00007ffe39f30000 - 0x00007ffe3a03b000 	C:\WINDOWS\System32\gdi32full.dll
0x00007ffe39af0000 - 0x00007ffe39b8d000 	C:\WINDOWS\System32\msvcp_win.dll
0x00007ffe39750000 - 0x00007ffe39850000 	C:\WINDOWS\System32\ucrtbase.dll
0x00007ffe26860000 - 0x00007ffe26afb000 	C:\WINDOWS\WinSxS\amd64_microsoft.windows.common-controls_6595b64144ccf1df_6.0.19041.746_none_ca02b4b61b8320a4\COMCTL32.dll
0x00007ffe3bed0000 - 0x00007ffe3bf00000 	C:\WINDOWS\System32\IMM32.DLL
0x0000000061530000 - 0x0000000061602000 	C:\Program Files\Android\Android Studio\jre\jre\bin\msvcr100.dll
0x00000000639e0000 - 0x000000006422b000 	C:\Program Files\Android\Android Studio\jre\jre\bin\server\jvm.dll
0x00007ffe3b150000 - 0x00007ffe3b158000 	C:\WINDOWS\System32\PSAPI.DLL
0x00007ffe2efe0000 - 0x00007ffe2efe9000 	C:\WINDOWS\SYSTEM32\WSOCK32.dll
0x00007ffe3b9a0000 - 0x00007ffe3ba0b000 	C:\WINDOWS\System32\WS2_32.dll
0x00007ffe2e850000 - 0x00007ffe2e877000 	C:\WINDOWS\SYSTEM32\WINMM.dll
0x00007ffe2fad0000 - 0x00007ffe2fada000 	C:\WINDOWS\SYSTEM32\VERSION.dll
0x00007ffe33ec0000 - 0x00007ffe33ecf000 	C:\Program Files\Android\Android Studio\jre\jre\bin\verify.dll
0x00007ffe33310000 - 0x00007ffe33339000 	C:\Program Files\Android\Android Studio\jre\jre\bin\java.dll
0x00007ffe33ea0000 - 0x00007ffe33eb6000 	C:\Program Files\Android\Android Studio\jre\jre\bin\zip.dll
0x00007ffe3a190000 - 0x00007ffe3a8d3000 	C:\WINDOWS\System32\SHELL32.dll
0x00007ffe377b0000 - 0x00007ffe37f3f000 	C:\WINDOWS\SYSTEM32\windows.storage.dll
0x00007ffe3ba10000 - 0x00007ffe3bd66000 	C:\WINDOWS\System32\combase.dll
0x00007ffe39140000 - 0x00007ffe3916c000 	C:\WINDOWS\SYSTEM32\Wldp.dll
0x00007ffe3b160000 - 0x00007ffe3b20e000 	C:\WINDOWS\System32\SHCORE.dll
0x00007ffe3a8f0000 - 0x00007ffe3a945000 	C:\WINDOWS\System32\shlwapi.dll
0x00007ffe39680000 - 0x00007ffe396a6000 	C:\WINDOWS\SYSTEM32\profapi.dll
0x00007ffe332f0000 - 0x00007ffe3330a000 	C:\Program Files\Android\Android Studio\jre\jre\bin\net.dll
0x00007ffe38ec0000 - 0x00007ffe38f2a000 	C:\WINDOWS\system32\mswsock.dll
0x00007ffe332d0000 - 0x00007ffe332e3000 	C:\Program Files\Android\Android Studio\jre\jre\bin\nio.dll
0x00007ffe33350000 - 0x00007ffe33376000 	C:\Users\nellyzulkiflee\.gradle\native\30\windows-amd64\native-platform.dll
0x00007ffe34da0000 - 0x00007ffe34dad000 	C:\Program Files\Android\Android Studio\jre\jre\bin\management.dll
0x00007ffe39090000 - 0x00007ffe390a8000 	C:\WINDOWS\SYSTEM32\CRYPTSP.dll
0x00007ffe38800000 - 0x00007ffe38834000 	C:\WINDOWS\system32\rsaenh.dll
0x00007ffe39850000 - 0x00007ffe39877000 	C:\WINDOWS\System32\bcrypt.dll
0x00007ffe395d0000 - 0x00007ffe395fe000 	C:\WINDOWS\SYSTEM32\USERENV.dll
0x00007ffe39b90000 - 0x00007ffe39c10000 	C:\WINDOWS\System32\bcryptprimitives.dll
0x00007ffe390b0000 - 0x00007ffe390bc000 	C:\WINDOWS\SYSTEM32\CRYPTBASE.dll
0x00007ffe38bb0000 - 0x00007ffe38beb000 	C:\WINDOWS\SYSTEM32\IPHLPAPI.DLL
0x00007ffe3b270000 - 0x00007ffe3b278000 	C:\WINDOWS\System32\NSI.dll
0x00007ffe31b40000 - 0x00007ffe31b57000 	C:\WINDOWS\SYSTEM32\dhcpcsvc6.DLL
0x00007ffe321c0000 - 0x00007ffe321dd000 	C:\WINDOWS\SYSTEM32\dhcpcsvc.DLL
0x00007ffe38bf0000 - 0x00007ffe38cbb000 	C:\WINDOWS\SYSTEM32\DNSAPI.dll

VM Arguments:
jvm_args: -Xmx1536M -Dfile.encoding=windows-1252 -Duser.country=SG -Duser.language=en -Duser.variant 
java_command: org.gradle.launcher.daemon.bootstrap.GradleDaemon 5.6.2
java_class_path (initial): C:\Users\nellyzulkiflee\.gradle\wrapper\dists\gradle-5.6.2-all\9st6wgf78h16so49nn74lgtbb\gradle-5.6.2\lib\gradle-launcher-5.6.2.jar
Launcher Type: SUN_STANDARD

Environment Variables:
JAVA_HOME=C:\Program Files\Android\Android Studio\jre
CLASSPATH=D:\vscworkspace\homelyloving\android\\gradle\wrapper\gradle-wrapper.jar
PATH=C:\Program Files\Common Files\Oracle\Java\javapath;C:\Program Files (x86)\Intel\Intel(R) Management Engine Components\iCLS\;C:\Program Files\Intel\Intel(R) Management Engine Components\iCLS\;C:\Windows\system32;C:\Windows;C:\Windows\System32\Wbem;C:\Windows\System32\WindowsPowerShell\v1.0\;C:\Windows\System32\OpenSSH\;C:\Program Files (x86)\Intel\Intel(R) Management Engine Components\DAL;C:\Program Files\Intel\Intel(R) Management Engine Components\DAL;C:\Program Files (x86)\Intel\Intel(R) Management Engine Components\IPT;C:\Program Files\Intel\Intel(R) Management Engine Components\IPT;C:\Program Files (x86)\NVIDIA Corporation\PhysX\Common;C:\Program Files (x86)\Brackets\command;c:\Program Files\Java\jdk-11.0.2\bin;C:\WINDOWS\system32;C:\WINDOWS;C:\WINDOWS\System32\Wbem;C:\WINDOWS\System32\WindowsPowerShell\v1.0\;C:\WINDOWS\System32\OpenSSH\;C:\Program Files\Microsoft SQL Server\Client SDK\ODBC\110\Tools\Binn\;C:\Program Files (x86)\Microsoft SQL Server\120\Tools\Binn\;C:\Program Files\Microsoft SQL Server\120\Tools\Binn\;C:\Program Files\Microsoft SQL Server\120\DTS\Binn\;C:\Program Files (x86)\Windows Kits\10\Windows Performance Toolkit\;C:\Program Files (x86)\Microsoft SQL Server\120\Tools\Binn\ManagementStudio\;C:\Program Files (x86)\Microsoft SQL Server\120\DTS\Binn\;C:\Users\nellyzulkiflee\AppData\Local\Android\Sdk\platform-tools;C:\Users\nellyzulkiflee\AppData\Local\Android\Sdk\tools;C:\Users\nellyzulkiflee\AppData\Local\Android\Sdk\emulator;C:\Program Files\Git\cmd;C:\Users\nellyzulkiflee\AppData\Local\Microsoft\WindowsApps;C:\Users\nellyzulkiflee\flutter\bin;D:\Microsoft VS Code\bin;C:\Users\nellyzulkiflee\AppData\Local\GitHubDesktop\bin;C:\Users\nellyzulkiflee\flutter\bin\mingit\cmd
USERNAME=nellyzulkiflee
OS=Windows_NT
PROCESSOR_IDENTIFIER=Intel64 Family 6 Model 142 Stepping 10, GenuineIntel



---------------  S Y S T E M  ---------------

OS: Windows 10.0 , 64 bit Build 19041 (10.0.19041.662)

CPU:total 8 (initial active 8) (4 cores per cpu, 2 threads per core) family 6 model 142 stepping 10, cmov, cx8, fxsr, mmx, sse, sse2, sse3, ssse3, sse4.1, sse4.2, popcnt, avx, avx2, aes, clmul, erms, 3dnowpref, lzcnt, ht, tsc, tscinvbit, bmi1, bmi2, adx

Memory: 4k page, physical 8270052k(190976k free), swap 22918816k(2040k free)

vm_info: OpenJDK 64-Bit Server VM (25.242-b01) for windows-amd64 JRE (1.8.0_242-release-1644-b01), built by "builder" with MS VC++ 10.0 (VS2010)

time: Tue Jan 26 18:52:04 2021
timezone: Malay Peninsula Standard Time
elapsed time: 9 seconds (0d 0h 0m 9s)

